app/build/intermediates/manifest_merge_blame_file/debug/manifest-merger-blame-debug-report.txt
1<?xml version="1.0" encoding="utf-8"?>
2<manifest xmlns:android="http://schemas.android.com/apk/res/android"
3    xmlns:dist="http://schemas.android.com/apk/distribution"
4    package="com.example.kotlinpractice"
5    android:versionCode="1"
6    android:versionName="1.0" >
7
8    <uses-sdk
9        android:minSdkVersion="22"
9-->src\main\AndroidManifest.xml
10        android:targetSdkVersion="29" />
10-->src\main\AndroidManifest.xml
11
12    <dist:module dist:instant="true" />
12-->src\main\AndroidManifest.xml:6:5-40
12-->src\main\AndroidManifest.xml:6:18-37
13
14    <uses-permission android:name="android.permission.READ_EXTERNAL_STORAGE" />
14-->src\main\AndroidManifest.xml:8:5-80
14-->src\main\AndroidManifest.xml:8:22-77
15    <uses-permission android:name="android.permission.WRITE_EXTERNAL_STORAGE" />
15-->src\main\AndroidManifest.xml:9:5-81
15-->src\main\AndroidManifest.xml:9:22-78
16    <uses-permission android:name="android.permission.ACCESS_NETWORK_STATE" />
16-->[com.google.firebase:firebase-iid:20.0.2] AndroidManifest.xml:22:5-79
16-->[com.google.firebase:firebase-iid:20.0.2] AndroidManifest.xml:22:22-76
17    <uses-permission android:name="android.permission.INTERNET" />
17-->[com.google.firebase:firebase-iid:20.0.2] AndroidManifest.xml:23:5-67
17-->[com.google.firebase:firebase-iid:20.0.2] AndroidManifest.xml:23:22-64
18    <uses-permission android:name="android.permission.WAKE_LOCK" /> <!-- Required by older versions of Google Play services to create IID tokens -->
18-->[com.google.firebase:firebase-iid:20.0.2] AndroidManifest.xml:24:5-68
18-->[com.google.firebase:firebase-iid:20.0.2] AndroidManifest.xml:24:22-65
19    <uses-permission android:name="com.google.android.c2dm.permission.RECEIVE" />
19-->[com.google.firebase:firebase-iid:20.0.2] AndroidManifest.xml:26:5-82
19-->[com.google.firebase:firebase-iid:20.0.2] AndroidManifest.xml:26:22-79
20
21    <application
21-->src\main\AndroidManifest.xml:11:5-49:19
22        android:allowBackup="true"
22-->src\main\AndroidManifest.xml:12:9-35
23        android:appComponentFactory="androidx.core.app.CoreComponentFactory"
23-->[androidx.core:core:1.1.0] AndroidManifest.xml:24:18-86
24        android:debuggable="true"
25        android:icon="@mipmap/ic_launcher"
25-->src\main\AndroidManifest.xml:13:9-43
26        android:label="@string/app_name"
26-->src\main\AndroidManifest.xml:14:9-41
27        android:roundIcon="@mipmap/ic_launcher_round"
27-->src\main\AndroidManifest.xml:15:9-54
28        android:supportsRtl="true"
28-->src\main\AndroidManifest.xml:16:9-35
29        android:testOnly="true"
30        android:theme="@style/AppTheme.NoActionBar" >
30-->src\main\AndroidManifest.xml:17:9-52
31        <activity android:name="com.example.kotlinpractice.GroupsOnlineViewActivity" />
31-->src\main\AndroidManifest.xml:18:9-71
31-->src\main\AndroidManifest.xml:18:19-59
32        <activity android:name="com.example.kotlinpractice.GroupsCreateActivity" />
32-->src\main\AndroidManifest.xml:19:9-58
32-->src\main\AndroidManifest.xml:19:19-55
33        <activity android:name="com.example.kotlinpractice.ChatActivity" />
33-->src\main\AndroidManifest.xml:20:9-50
33-->src\main\AndroidManifest.xml:20:19-47
34        <activity android:name="com.example.kotlinpractice.HomeActivity" />
34-->src\main\AndroidManifest.xml:21:9-50
34-->src\main\AndroidManifest.xml:21:19-47
35        <activity android:name="com.example.kotlinpractice.SettingsActivity" />
35-->src\main\AndroidManifest.xml:22:9-54
35-->src\main\AndroidManifest.xml:22:19-51
36        <activity
36-->src\main\AndroidManifest.xml:23:9-31:20
37            android:name="com.example.kotlinpractice.SplashScreenActivity"
37-->src\main\AndroidManifest.xml:24:13-49
38            android:theme="@style/AppTheme.NoActionStatusBar" >
38-->src\main\AndroidManifest.xml:25:13-62
39            <intent-filter>
39-->src\main\AndroidManifest.xml:26:25-30:41
40                <action android:name="android.intent.action.MAIN" />
40-->src\main\AndroidManifest.xml:27:29-81
40-->src\main\AndroidManifest.xml:27:37-78
41
42                <category android:name="android.intent.category.LAUNCHER" />
42-->src\main\AndroidManifest.xml:29:29-89
42-->src\main\AndroidManifest.xml:29:39-86
43            </intent-filter>
44        </activity>
45        <activity
45-->src\main\AndroidManifest.xml:32:9-34:59
46            android:name="com.example.kotlinpractice.MobileVerificationActivity"
46-->src\main\AndroidManifest.xml:33:13-55
47            android:theme="@style/AppTheme.NoActionBar" />
47-->src\main\AndroidManifest.xml:34:13-56
48        <activity android:name="com.example.kotlinpractice.ProfileActivity" />
48-->src\main\AndroidManifest.xml:35:9-53
48-->src\main\AndroidManifest.xml:35:19-50
49        <activity android:name="com.example.kotlinpractice.ConstraintLayout" />
49-->src\main\AndroidManifest.xml:36:9-54
49-->src\main\AndroidManifest.xml:36:19-51
50        <activity
50-->src\main\AndroidManifest.xml:37:9-41:62
51            android:name="com.example.kotlinpractice.LoginActivity"
51-->src\main\AndroidManifest.xml:38:13-42
52            android:screenOrientation="portrait"
52-->src\main\AndroidManifest.xml:39:13-49
53            android:theme="@style/AppTheme.NoActionStatusBar"
53-->src\main\AndroidManifest.xml:40:13-62
54            android:windowSoftInputMode="stateAlwaysHidden" />
54-->src\main\AndroidManifest.xml:41:13-60
55        <activity
55-->src\main\AndroidManifest.xml:42:9-44:59
56            android:name="com.example.kotlinpractice.MainActivity"
56-->src\main\AndroidManifest.xml:43:13-41
57            android:theme="@style/AppTheme.NoActionBar" />
57-->src\main\AndroidManifest.xml:44:13-56
58
59        <meta-data
59-->src\main\AndroidManifest.xml:46:9-48:57
60            android:name="preloaded_fonts"
60-->src\main\AndroidManifest.xml:47:13-43
61            android:resource="@array/preloaded_fonts" />
61-->src\main\AndroidManifest.xml:48:13-54
62        <!--
63             FirebaseMessagingService performs security checks at runtime,
64             but set to not exported to explicitly avoid allowing another app to call it.
65        -->
66        <service
66-->[com.google.firebase:firebase-messaging:20.1.0] AndroidManifest.xml:28:9-34:19
67            android:name="com.google.firebase.messaging.FirebaseMessagingService"
67-->[com.google.firebase:firebase-messaging:20.1.0] AndroidManifest.xml:29:13-82
68            android:exported="false" >
68-->[com.google.firebase:firebase-messaging:20.1.0] AndroidManifest.xml:30:13-37
69            <intent-filter android:priority="-500" >
69-->[com.google.firebase:firebase-messaging:20.1.0] AndroidManifest.xml:31:13-33:29
69-->[com.google.firebase:firebase-messaging:20.1.0] AndroidManifest.xml:31:28-51
70                <action android:name="com.google.firebase.MESSAGING_EVENT" />
70-->[com.google.firebase:firebase-messaging:20.1.0] AndroidManifest.xml:32:17-78
70-->[com.google.firebase:firebase-messaging:20.1.0] AndroidManifest.xml:32:25-75
71            </intent-filter>
72        </service>
73        <service
73-->[com.google.firebase:firebase-messaging:20.1.0] AndroidManifest.xml:35:9-41:19
74            android:name="com.google.firebase.components.ComponentDiscoveryService"
74-->[com.google.firebase:firebase-messaging:20.1.0] AndroidManifest.xml:36:13-84
75            android:directBootAware="true"
75-->[com.google.firebase:firebase-common:19.3.0] AndroidManifest.xml:34:13-43
76            android:exported="false" >
76-->[com.google.firebase:firebase-messaging:20.1.0] AndroidManifest.xml:37:13-37
77            <meta-data
77-->[com.google.firebase:firebase-messaging:20.1.0] AndroidManifest.xml:38:13-40:85
78                android:name="com.google.firebase.components:com.google.firebase.messaging.FirebaseMessagingRegistrar"
78-->[com.google.firebase:firebase-messaging:20.1.0] AndroidManifest.xml:39:17-119
79                android:value="com.google.firebase.components.ComponentRegistrar" />
79-->[com.google.firebase:firebase-messaging:20.1.0] AndroidManifest.xml:40:17-82
80            <meta-data
80-->[com.google.firebase:firebase-auth:19.2.0] AndroidManifest.xml:36:13-38:85
81                android:name="com.google.firebase.components:com.google.firebase.auth.FirebaseAuthRegistrar"
81-->[com.google.firebase:firebase-auth:19.2.0] AndroidManifest.xml:37:17-109
82                android:value="com.google.firebase.components.ComponentRegistrar" />
82-->[com.google.firebase:firebase-auth:19.2.0] AndroidManifest.xml:38:17-82
83            <meta-data
83-->[com.google.firebase:firebase-datatransport:17.0.3] AndroidManifest.xml:28:13-30:85
84                android:name="com.google.firebase.components:com.google.firebase.datatransport.TransportRegistrar"
84-->[com.google.firebase:firebase-datatransport:17.0.3] AndroidManifest.xml:29:17-115
85                android:value="com.google.firebase.components.ComponentRegistrar" />
85-->[com.google.firebase:firebase-datatransport:17.0.3] AndroidManifest.xml:30:17-82
86            <meta-data
86-->[com.google.firebase:firebase-iid:20.0.2] AndroidManifest.xml:32:13-34:85
87                android:name="com.google.firebase.components:com.google.firebase.iid.Registrar"
87-->[com.google.firebase:firebase-iid:20.0.2] AndroidManifest.xml:33:17-96
88                android:value="com.google.firebase.components.ComponentRegistrar" />
88-->[com.google.firebase:firebase-iid:20.0.2] AndroidManifest.xml:34:17-82
89        </service>
90
91        <activity
91-->[com.google.firebase:firebase-auth:19.2.0] AndroidManifest.xml:24:9-31:50
92            android:name="com.google.firebase.auth.internal.FederatedSignInActivity"
92-->[com.google.firebase:firebase-auth:19.2.0] AndroidManifest.xml:25:13-85
93            android:excludeFromRecents="true"
93-->[com.google.firebase:firebase-auth:19.2.0] AndroidManifest.xml:26:13-46
94            android:exported="true"
94-->[com.google.firebase:firebase-auth:19.2.0] AndroidManifest.xml:27:13-36
95            android:launchMode="singleTask"
95-->[com.google.firebase:firebase-auth:19.2.0] AndroidManifest.xml:28:13-44
96            android:permission="com.google.firebase.auth.api.gms.permission.LAUNCH_FEDERATED_SIGN_IN"
96-->[com.google.firebase:firebase-auth:19.2.0] AndroidManifest.xml:29:13-102
97            android:theme="@android:style/Theme.Translucent.NoTitleBar" />
97-->[com.google.firebase:firebase-auth:19.2.0] AndroidManifest.xml:30:13-72
98
99        <receiver
99-->[com.google.firebase:firebase-iid:20.0.2] AndroidManifest.xml:37:9-44:20
100            android:name="com.google.firebase.iid.FirebaseInstanceIdReceiver"
100-->[com.google.firebase:firebase-iid:20.0.2] AndroidManifest.xml:38:13-78
101            android:exported="true"
101-->[com.google.firebase:firebase-iid:20.0.2] AndroidManifest.xml:39:13-36
102            android:permission="com.google.android.c2dm.permission.SEND" >
102-->[com.google.firebase:firebase-iid:20.0.2] AndroidManifest.xml:40:13-73
103            <intent-filter>
103-->[com.google.firebase:firebase-iid:20.0.2] AndroidManifest.xml:41:13-43:29
104                <action android:name="com.google.android.c2dm.intent.RECEIVE" />
104-->[com.google.firebase:firebase-iid:20.0.2] AndroidManifest.xml:42:17-81
104-->[com.google.firebase:firebase-iid:20.0.2] AndroidManifest.xml:42:25-78
105            </intent-filter>
106        </receiver>
107
108        <provider
108-->[com.google.firebase:firebase-common:19.3.0] AndroidManifest.xml:26:9-30:39
109            android:name="com.google.firebase.provider.FirebaseInitProvider"
109-->[com.google.firebase:firebase-common:19.3.0] AndroidManifest.xml:27:13-77
110            android:authorities="com.example.kotlinpractice.firebaseinitprovider"
110-->[com.google.firebase:firebase-common:19.3.0] AndroidManifest.xml:28:13-72
111            android:exported="false"
111-->[com.google.firebase:firebase-common:19.3.0] AndroidManifest.xml:29:13-37
112            android:initOrder="100" />
112-->[com.google.firebase:firebase-common:19.3.0] AndroidManifest.xml:30:13-36
113
114        <activity
114-->[com.google.android.gms:play-services-base:17.1.0] AndroidManifest.xml:23:9-26:75
115            android:name="com.google.android.gms.common.api.GoogleApiActivity"
115-->[com.google.android.gms:play-services-base:17.1.0] AndroidManifest.xml:24:13-79
116            android:exported="false"
116-->[com.google.android.gms:play-services-base:17.1.0] AndroidManifest.xml:25:13-37
117            android:theme="@android:style/Theme.Translucent.NoTitleBar" />
117-->[com.google.android.gms:play-services-base:17.1.0] AndroidManifest.xml:26:13-72
118
119        <meta-data
119-->[com.google.android.gms:play-services-basement:17.0.0] AndroidManifest.xml:23:9-25:69
120            android:name="com.google.android.gms.version"
120-->[com.google.android.gms:play-services-basement:17.0.0] AndroidManifest.xml:24:13-58
121            android:value="@integer/google_play_services_version" />
121-->[com.google.android.gms:play-services-basement:17.0.0] AndroidManifest.xml:25:13-66
122
123        <provider
123-->[androidx.lifecycle:lifecycle-process:2.0.0] AndroidManifest.xml:23:9-27:43
124            android:name="androidx.lifecycle.ProcessLifecycleOwnerInitializer"
124-->[androidx.lifecycle:lifecycle-process:2.0.0] AndroidManifest.xml:24:13-79
125            android:authorities="com.example.kotlinpractice.lifecycle-process"
125-->[androidx.lifecycle:lifecycle-process:2.0.0] AndroidManifest.xml:25:13-69
126            android:exported="false"
126-->[androidx.lifecycle:lifecycle-process:2.0.0] AndroidManifest.xml:26:13-37
127            android:multiprocess="true" />
127-->[androidx.lifecycle:lifecycle-process:2.0.0] AndroidManifest.xml:27:13-40
128
129        <service
129-->[com.google.android.datatransport:transport-backend-cct:2.2.0] AndroidManifest.xml:29:9-35:19
130            android:name="com.google.android.datatransport.runtime.backends.TransportBackendDiscovery"
130-->[com.google.android.datatransport:transport-backend-cct:2.2.0] AndroidManifest.xml:30:13-103
131            android:exported="false" >
131-->[com.google.android.datatransport:transport-backend-cct:2.2.0] AndroidManifest.xml:31:13-37
132            <meta-data
132-->[com.google.android.datatransport:transport-backend-cct:2.2.0] AndroidManifest.xml:32:13-34:39
133                android:name="backend:com.google.android.datatransport.cct.CctBackendFactory"
133-->[com.google.android.datatransport:transport-backend-cct:2.2.0] AndroidManifest.xml:33:17-94
134                android:value="cct" />
134-->[com.google.android.datatransport:transport-backend-cct:2.2.0] AndroidManifest.xml:34:17-36
135        </service>
136        <service
136-->[com.google.android.datatransport:transport-runtime:2.2.0] AndroidManifest.xml:26:9-30:19
137            android:name="com.google.android.datatransport.runtime.scheduling.jobscheduling.JobInfoSchedulerService"
137-->[com.google.android.datatransport:transport-runtime:2.2.0] AndroidManifest.xml:27:13-117
138            android:exported="false"
138-->[com.google.android.datatransport:transport-runtime:2.2.0] AndroidManifest.xml:28:13-37
139            android:permission="android.permission.BIND_JOB_SERVICE" >
139-->[com.google.android.datatransport:transport-runtime:2.2.0] AndroidManifest.xml:29:13-69
140        </service>
141
142        <receiver
142-->[com.google.android.datatransport:transport-runtime:2.2.0] AndroidManifest.xml:32:9-34:40
143            android:name="com.google.android.datatransport.runtime.scheduling.jobscheduling.AlarmManagerSchedulerBroadcastReceiver"
143-->[com.google.android.datatransport:transport-runtime:2.2.0] AndroidManifest.xml:33:13-132
144            android:exported="false" />
144-->[com.google.android.datatransport:transport-runtime:2.2.0] AndroidManifest.xml:34:13-37
145    </application>
146
147</manifest>